<?xml version="1.0" encoding="UTF-8"?>
<testsuite name="StudentTest" tests="2" skipped="0" failures="0" errors="0" timestamp="2015-09-01T17:50:29" hostname="epicodus-105.local" time="0.11">
  <properties/>
  <testcase name="equals_returnsTrueIfNamesAretheSame" classname="StudentTest" time="0.079"/>
  <testcase name="all_emptyAtFirst" classname="StudentTest" time="0.03"/>
  <system-out><![CDATA[]]></system-out>
  <system-err><![CDATA[]]></system-err>
</testsuite>
