<?xml version="1.0" encoding="UTF-8"?>
<testsuite name="StudentTest" tests="6" skipped="0" failures="0" errors="0" timestamp="2015-09-01T18:39:45" hostname="epicodus-105.local" time="0.194">
  <properties/>
  <testcase name="equals_returnsTrueIfNamesAretheSame" classname="StudentTest" time="0.078"/>
  <testcase name="all_emptyAtFirst" classname="StudentTest" time="0.031"/>
  <testcase name="getCourses_returnsAllCourses_arrayList" classname="StudentTest" time="0.029"/>
  <testcase name="save_savesIntoDatabase_true" classname="StudentTest" time="0.015"/>
  <testcase name="find_findStudentInDatabase_true" classname="StudentTest" time="0.015"/>
  <testcase name="add_Course_addsCourseToStudent" classname="StudentTest" time="0.025"/>
  <system-out><![CDATA[]]></system-out>
  <system-err><![CDATA[]]></system-err>
</testsuite>
