<?xml version="1.0" encoding="UTF-8"?>
<testsuite name="StudentTest" tests="8" skipped="0" failures="0" errors="0" timestamp="2015-09-01T19:19:43" hostname="epicodus-105.local" time="0.129">
  <properties/>
  <testcase name="equals_returnsTrueIfNamesAretheSame" classname="StudentTest" time="0.005"/>
  <testcase name="delete_deletesAllStudentsAndLists" classname="StudentTest" time="0.028"/>
  <testcase name="all_emptyAtFirst" classname="StudentTest" time="0.01"/>
  <testcase name="getCourses_returnsAllCourses_arrayList" classname="StudentTest" time="0.022"/>
  <testcase name="save_savesIntoDatabase_true" classname="StudentTest" time="0.012"/>
  <testcase name="update_updateStudentInfo" classname="StudentTest" time="0.016"/>
  <testcase name="find_findStudentInDatabase_true" classname="StudentTest" time="0.013"/>
  <testcase name="add_Course_addsCourseToStudent" classname="StudentTest" time="0.021"/>
  <system-out><![CDATA[]]></system-out>
  <system-err><![CDATA[]]></system-err>
</testsuite>
