<?xml version="1.0" encoding="UTF-8"?>
<testsuite name="StudentTest" tests="4" skipped="0" failures="0" errors="0" timestamp="2015-09-01T18:04:33" hostname="epicodus-105.local" time="0.14">
  <properties/>
  <testcase name="equals_returnsTrueIfNamesAretheSame" classname="StudentTest" time="0.078"/>
  <testcase name="all_emptyAtFirst" classname="StudentTest" time="0.031"/>
  <testcase name="save_savesIntoDatabase_true" classname="StudentTest" time="0.016"/>
  <testcase name="find_findStudentInDatabase_true" classname="StudentTest" time="0.015"/>
  <system-out><![CDATA[]]></system-out>
  <system-err><![CDATA[]]></system-err>
</testsuite>
